[2021-10-04 00:14:51] [info]  [ 6956] Apache Commons Daemon procrun (1.2.4.0 64-bit) started.
[2021-10-04 00:14:51] [info]  [ 6956] Installing service 'Tomcat9' name 'Apache Tomcat 9.0 Tomcat9'.
[2021-10-04 00:14:51] [info]  [ 6956] Service 'Tomcat9' installed.
[2021-10-04 00:14:51] [info]  [ 6956] Apache Commons Daemon procrun finished.
[2021-10-04 00:14:51] [info]  [16116] Apache Commons Daemon procrun (1.2.4.0 64-bit) started.
[2021-10-04 00:14:51] [info]  [16116] Updating service...
[2021-10-04 00:14:51] [info]  [16116] Updated service 'Tomcat9'.
[2021-10-04 00:14:51] [info]  [16116] Finished updating service 'Tomcat9'.
[2021-10-04 00:14:51] [info]  [16116] Apache Commons Daemon procrun finished.
[2021-10-04 00:14:52] [info]  [ 5552] Apache Commons Daemon procrun (1.2.4.0 64-bit) started.
[2021-10-04 00:14:52] [info]  [ 5552] Updating service...
[2021-10-04 00:14:52] [info]  [ 5552] Updated service 'Tomcat9'.
[2021-10-04 00:14:52] [info]  [ 5552] Finished updating service 'Tomcat9'.
[2021-10-04 00:14:52] [info]  [ 5552] Apache Commons Daemon procrun finished.
[2021-10-04 00:14:52] [info]  [  844] Apache Commons Daemon procrun (1.2.4.0 64-bit) started.
[2021-10-04 00:14:52] [info]  [  844] Updating service...
[2021-10-04 00:14:52] [info]  [  844] Updated service 'Tomcat9'.
[2021-10-04 00:14:52] [info]  [  844] Finished updating service 'Tomcat9'.
[2021-10-04 00:14:52] [info]  [  844] Apache Commons Daemon procrun finished.
[2021-10-04 00:14:53] [info]  [16060] Apache Commons Daemon procrun (1.2.4.0 64-bit) started.
[2021-10-04 00:14:53] [info]  [16060] Updating service...
[2021-10-04 00:14:53] [info]  [16060] Updated service 'Tomcat9'.
[2021-10-04 00:14:53] [info]  [16060] Finished updating service 'Tomcat9'.
[2021-10-04 00:14:53] [info]  [16060] Apache Commons Daemon procrun finished.
[2021-10-04 00:14:53] [info]  [15672] Apache Commons Daemon procrun (1.2.4.0 64-bit) started.
[2021-10-04 00:14:53] [info]  [15672] Updating service...
[2021-10-04 00:14:53] [info]  [15672] Updated service 'Tomcat9'.
[2021-10-04 00:14:53] [info]  [15672] Finished updating service 'Tomcat9'.
[2021-10-04 00:14:53] [info]  [15672] Apache Commons Daemon procrun finished.
[2021-10-04 00:16:15] [info]  [ 3520] Apache Commons Daemon procrun (1.2.4.0 64-bit) started.
[2021-10-04 00:16:15] [info]  [ 3520] Running Service 'Tomcat9'...
[2021-10-04 00:16:15] [info]  [11904] Starting service...
[2021-10-04 00:16:16] [info]  [11904] Service started in 1535 milliseconds.
[2021-10-04 00:16:30] [info]  [ 8576] Stopping service...
[2021-10-04 00:16:31] [info]  [ 8576] Service stop thread completed.
[2021-10-04 00:16:31] [info]  [ 3520] Run service finished.
[2021-10-04 00:16:31] [info]  [ 3520] Apache Commons Daemon procrun finished.
[2021-10-04 00:16:55] [info]  [ 6340] Apache Commons Daemon procrun (1.2.4.0 64-bit) started.
[2021-10-04 00:16:55] [info]  [ 6340] Running Service 'Tomcat9'...
[2021-10-04 00:16:55] [info]  [12476] Starting service...
[2021-10-04 00:16:56] [info]  [12476] Service started in 1176 milliseconds.
[2021-10-04 00:39:34] [info]  [  996] Stopping service...
[2021-10-04 00:39:35] [info]  [  996] Service stop thread completed.
[2021-10-04 00:39:35] [info]  [ 6340] Run service finished.
[2021-10-04 00:39:35] [info]  [ 6340] Apache Commons Daemon procrun finished.
[2021-10-04 00:39:37] [info]  [11920] Apache Commons Daemon procrun (1.2.4.0 64-bit) started.
[2021-10-04 00:39:37] [info]  [11920] Running Service 'Tomcat9'...
[2021-10-04 00:39:37] [info]  [15108] Starting service...
[2021-10-04 00:39:39] [info]  [15108] Service started in 1167 milliseconds.
[2021-10-04 00:40:02] [info]  [ 8184] Stopping service...
[2021-10-04 00:40:03] [info]  [ 8184] Service stop thread completed.
[2021-10-04 00:40:03] [info]  [11920] Run service finished.
[2021-10-04 00:40:03] [info]  [11920] Apache Commons Daemon procrun finished.
[2021-10-04 00:42:19] [info]  [14704] Apache Commons Daemon procrun (1.2.4.0 64-bit) started.
[2021-10-04 00:42:19] [info]  [14704] Running Service 'Tomcat9'...
[2021-10-04 00:42:19] [info]  [ 6012] Starting service...
[2021-10-04 00:42:20] [info]  [ 6012] Service started in 1167 milliseconds.
[2021-10-04 00:45:15] [info]  [15524] Stopping service...
[2021-10-04 00:45:16] [info]  [15524] Service stop thread completed.
[2021-10-04 00:45:16] [info]  [14704] Run service finished.
[2021-10-04 00:45:16] [info]  [14704] Apache Commons Daemon procrun finished.
